# JRE version: OpenJDK Runtime Environment (21.0.4+7) (build 21.0.4+7)
# Java VM: OpenJDK 64-Bit Server VM (21.0.4+7, mixed mode, sharing, tiered, compressed oops, compressed class ptrs, g1 gc, linux-amd64)
GC Precious Log:
 CardTable entry size: 512
 Card Set container configuration: InlinePtr #cards 4 size 8 Array Of Cards #cards 64 size 144 Howl #buckets 8 coarsen threshold 14745 Howl Bitmap #cards 2048 size 272 coarsen threshold 1843 Card regions per heap region 1 cards per card region 16384
 CPUs: 16 total, 16 available
 Memory: 63427M
 Large Page Support: Disabled
 NUMA Support: Disabled
 Compressed Oops: Enabled (Zero based)
 Heap Region Size: 8M
 Heap Min Capacity: 8M
 Heap Initial Capacity: 992M
 Heap Max Capacity: 15864M
 Pre-touch: Disabled
 Parallel Workers: 13
 Concurrent Workers: 3
 Concurrent Refinement Workers: 13
 Periodic GC: Disabled
Heap:
 garbage-first heap   total 3072000K, used 600195K [0x0000000420800000, 0x0000000800000000)
  region size 8192K, 20 young (163840K), 3 survivors (24576K)
 Metaspace       used 284K, committed 448K, reserved 1114112K
  class space    used 24K, committed 128K, reserved 1048576K
GC Heap History (11 events):
Event: 0,062 GC heap before
{Heap before GC invocations=0 (full 0):
 garbage-first heap   total 1024000K, used 74782K [0x0000000420800000, 0x0000000800000000)
  region size 8192K, 6 young (49152K), 0 survivors (0K)
 Metaspace       used 271K, committed 448K, reserved 1114112K
  class space    used 23K, committed 128K, reserved 1048576K
}
Event: 0,073 GC heap after
{Heap after GC invocations=1 (full 0):
 garbage-first heap   total 1024000K, used 68862K [0x0000000420800000, 0x0000000800000000)
  region size 8192K, 1 young (8192K), 1 survivors (8192K)
 Metaspace       used 271K, committed 448K, reserved 1114112K
  class space    used 23K, committed 128K, reserved 1048576K
}
Event: 0,088 GC heap before
{Heap before GC invocations=1 (full 0):
 garbage-first heap   total 1024000K, used 150782K [0x0000000420800000, 0x0000000800000000)
  region size 8192K, 6 young (49152K), 1 survivors (8192K)
 Metaspace       used 272K, committed 448K, reserved 1114112K
  class space    used 23K, committed 128K, reserved 1048576K
}
Event: 0,109 GC heap after
{Heap after GC invocations=2 (full 0):
 garbage-first heap   total 1024000K, used 154885K [0x0000000420800000, 0x0000000800000000)
  region size 8192K, 1 young (8192K), 1 survivors (8192K)
 Metaspace       used 272K, committed 448K, reserved 1114112K
  class space    used 23K, committed 128K, reserved 1048576K
}
Event: 0,125 GC heap before
{Heap before GC invocations=2 (full 0):
 garbage-first heap   total 1024000K, used 236805K [0x0000000420800000, 0x0000000800000000)
  region size 8192K, 6 young (49152K), 1 survivors (8192K)
 Metaspace       used 272K, committed 448K, reserved 1114112K
  class space    used 23K, committed 128K, reserved 1048576K
}
Event: 0,139 GC heap after
{Heap after GC invocations=3 (full 0):
 garbage-first heap   total 1024000K, used 242487K [0x0000000420800000, 0x0000000800000000)
  region size 8192K, 1 young (8192K), 1 survivors (8192K)
 Metaspace       used 272K, committed 448K, reserved 1114112K
  class space    used 23K, committed 128K, reserved 1048576K
}
Event: 0,177 GC heap before
{Heap before GC invocations=3 (full 0):
 garbage-first heap   total 1024000K, used 275255K [0x0000000420800000, 0x0000000800000000)
  region size 8192K, 6 young (49152K), 1 survivors (8192K)
 Metaspace       used 284K, committed 448K, reserved 1114112K
  class space    used 24K, committed 128K, reserved 1048576K
}
Event: 0,192 GC heap after
{Heap after GC invocations=4 (full 0):
 garbage-first heap   total 1024000K, used 283239K [0x0000000420800000, 0x0000000800000000)
  region size 8192K, 1 young (8192K), 1 survivors (8192K)
 Metaspace       used 284K, committed 448K, reserved 1114112K
  class space    used 24K, committed 128K, reserved 1048576K
}
Event: 0,232 GC heap before
{Heap before GC invocations=4 (full 0):
 garbage-first heap   total 1024000K, used 332391K [0x0000000420800000, 0x0000000800000000)
  region size 8192K, 6 young (49152K), 1 survivors (8192K)
 Metaspace       used 284K, committed 448K, reserved 1114112K
  class space    used 24K, committed 128K, reserved 1048576K
}
Event: 0,242 GC heap after
{Heap after GC invocations=5 (full 0):
 garbage-first heap   total 3072000K, used 329859K [0x0000000420800000, 0x0000000800000000)
  region size 8192K, 1 young (8192K), 1 survivors (8192K)
 Metaspace       used 284K, committed 448K, reserved 1114112K
  class space    used 24K, committed 128K, reserved 1048576K
}
Event: 0,458 GC heap before
{Heap before GC invocations=5 (full 0):
 garbage-first heap   total 3072000K, used 600195K [0x0000000420800000, 0x0000000800000000)
  region size 8192K, 18 young (147456K), 1 survivors (8192K)
 Metaspace       used 284K, committed 448K, reserved 1114112K
  class space    used 24K, committed 128K, reserved 1048576K
}

